<?xml version="1.0" encoding="UTF-8"?>
<!-- Generated by org.testng.reporters.JUnitReportReporter -->
<testsuite hostname="QT-INHD-LT0805" failures="0" tests="1" name="cucumberOptions.testngTest" time="0.067" errors="0" timestamp="2022-12-08T10:32:25 IST" skipped="0">
  <testcase classname="cucumberOptions.testngTest" name="runScenario" time="0.067"/>
  <system-out/>
</testsuite> <!-- cucumberOptions.testngTest -->
