<?xml version="1.0" encoding="UTF-8"?>
<testsuite xmlns:xsi="http://www.w3.org/2001/XMLSchema-instance" xsi:noNamespaceSchemaLocation="https://maven.apache.org/surefire/maven-surefire-plugin/xsd/surefire-test-report.xsd" name="cucumberOptions.TestRunner" time="0.318" tests="5" errors="2" skipped="3" failures="0">
  <properties>
    <property name="java.specification.version" value="18"/>
    <property name="sun.cpu.isalist" value="amd64"/>
    <property name="sun.jnu.encoding" value="Cp1252"/>
    <property name="java.class.path" value="C:\Users\saisrinadh.porandla\eclipse-workspace\Automation\target\test-classes;C:\Users\saisrinadh.porandla\eclipse-workspace\Automation\target\classes;C:\Users\saisrinadh.porandla\.m2\repository\junit\junit\4.11\junit-4.11.jar;C:\Users\saisrinadh.porandla\.m2\repository\org\hamcrest\hamcrest-core\1.3\hamcrest-core-1.3.jar;C:\Users\saisrinadh.porandla\.m2\repository\io\cucumber\cucumber-junit\7.9.0\cucumber-junit-7.9.0.jar;C:\Users\saisrinadh.porandla\.m2\repository\org\apiguardian\apiguardian-api\1.1.2\apiguardian-api-1.1.2.jar;C:\Users\saisrinadh.porandla\.m2\repository\io\cucumber\cucumber-core\7.9.0\cucumber-core-7.9.0.jar;C:\Users\saisrinadh.porandla\.m2\repository\io\cucumber\cucumber-gherkin\7.9.0\cucumber-gherkin-7.9.0.jar;C:\Users\saisrinadh.porandla\.m2\repository\io\cucumber\cucumber-gherkin-messages\7.9.0\cucumber-gherkin-messages-7.9.0.jar;C:\Users\saisrinadh.porandla\.m2\repository\io\cucumber\gherkin\24.1.0\gherkin-24.1.0.jar;C:\Users\saisrinadh.porandla\.m2\repository\io\cucumber\messages\19.1.4\messages-19.1.4.jar;C:\Users\saisrinadh.porandla\.m2\repository\io\cucumber\tag-expressions\4.1.0\tag-expressions-4.1.0.jar;C:\Users\saisrinadh.porandla\.m2\repository\io\cucumber\cucumber-expressions\16.0.0\cucumber-expressions-16.0.0.jar;C:\Users\saisrinadh.porandla\.m2\repository\io\cucumber\datatable\7.9.0\datatable-7.9.0.jar;C:\Users\saisrinadh.porandla\.m2\repository\io\cucumber\cucumber-plugin\7.9.0\cucumber-plugin-7.9.0.jar;C:\Users\saisrinadh.porandla\.m2\repository\io\cucumber\docstring\7.9.0\docstring-7.9.0.jar;C:\Users\saisrinadh.porandla\.m2\repository\io\cucumber\html-formatter\20.1.0\html-formatter-20.1.0.jar;C:\Users\saisrinadh.porandla\.m2\repository\io\cucumber\ci-environment\9.1.0\ci-environment-9.1.0.jar;C:\Users\saisrinadh.porandla\.m2\repository\io\cucumber\cucumber-java\7.9.0\cucumber-java-7.9.0.jar;"/>
    <property name="java.vm.vendor" value="Oracle Corporation"/>
    <property name="sun.arch.data.model" value="64"/>
    <property name="user.variant" value=""/>
    <property name="java.vendor.url" value="https://java.oracle.com/"/>
    <property name="user.timezone" value="Asia/Calcutta"/>
    <property name="os.name" value="Windows 10"/>
    <property name="java.vm.specification.version" value="18"/>
    <property name="sun.java.launcher" value="SUN_STANDARD"/>
    <property name="user.country" value="US"/>
    <property name="sun.boot.library.path" value="C:\Program Files\Java\jdk-18.0.2.1\bin"/>
    <property name="sun.java.command" value="C:\Users\SAISRI~1.POR\AppData\Local\Temp\surefire3525270969680937501\surefirebooter10090408293679051998.jar C:\Users\saisrinadh.porandla\AppData\Local\Temp\surefire3525270969680937501 2022-12-07T08-34-35_150-jvmRun1 surefire17252161252618550179tmp surefire_09895752376514599941tmp"/>
    <property name="jdk.debug" value="release"/>
    <property name="surefire.test.class.path" value="C:\Users\saisrinadh.porandla\eclipse-workspace\Automation\target\test-classes;C:\Users\saisrinadh.porandla\eclipse-workspace\Automation\target\classes;C:\Users\saisrinadh.porandla\.m2\repository\junit\junit\4.11\junit-4.11.jar;C:\Users\saisrinadh.porandla\.m2\repository\org\hamcrest\hamcrest-core\1.3\hamcrest-core-1.3.jar;C:\Users\saisrinadh.porandla\.m2\repository\io\cucumber\cucumber-junit\7.9.0\cucumber-junit-7.9.0.jar;C:\Users\saisrinadh.porandla\.m2\repository\org\apiguardian\apiguardian-api\1.1.2\apiguardian-api-1.1.2.jar;C:\Users\saisrinadh.porandla\.m2\repository\io\cucumber\cucumber-core\7.9.0\cucumber-core-7.9.0.jar;C:\Users\saisrinadh.porandla\.m2\repository\io\cucumber\cucumber-gherkin\7.9.0\cucumber-gherkin-7.9.0.jar;C:\Users\saisrinadh.porandla\.m2\repository\io\cucumber\cucumber-gherkin-messages\7.9.0\cucumber-gherkin-messages-7.9.0.jar;C:\Users\saisrinadh.porandla\.m2\repository\io\cucumber\gherkin\24.1.0\gherkin-24.1.0.jar;C:\Users\saisrinadh.porandla\.m2\repository\io\cucumber\messages\19.1.4\messages-19.1.4.jar;C:\Users\saisrinadh.porandla\.m2\repository\io\cucumber\tag-expressions\4.1.0\tag-expressions-4.1.0.jar;C:\Users\saisrinadh.porandla\.m2\repository\io\cucumber\cucumber-expressions\16.0.0\cucumber-expressions-16.0.0.jar;C:\Users\saisrinadh.porandla\.m2\repository\io\cucumber\datatable\7.9.0\datatable-7.9.0.jar;C:\Users\saisrinadh.porandla\.m2\repository\io\cucumber\cucumber-plugin\7.9.0\cucumber-plugin-7.9.0.jar;C:\Users\saisrinadh.porandla\.m2\repository\io\cucumber\docstring\7.9.0\docstring-7.9.0.jar;C:\Users\saisrinadh.porandla\.m2\repository\io\cucumber\html-formatter\20.1.0\html-formatter-20.1.0.jar;C:\Users\saisrinadh.porandla\.m2\repository\io\cucumber\ci-environment\9.1.0\ci-environment-9.1.0.jar;C:\Users\saisrinadh.porandla\.m2\repository\io\cucumber\cucumber-java\7.9.0\cucumber-java-7.9.0.jar;"/>
    <property name="sun.cpu.endian" value="little"/>
    <property name="user.home" value="C:\Users\saisrinadh.porandla"/>
    <property name="user.language" value="en"/>
    <property name="java.specification.vendor" value="Oracle Corporation"/>
    <property name="java.version.date" value="2022-08-18"/>
    <property name="java.home" value="C:\Program Files\Java\jdk-18.0.2.1"/>
    <property name="file.separator" value="\"/>
    <property name="basedir" value="C:\Users\saisrinadh.porandla\eclipse-workspace\Automation"/>
    <property name="style.color" value="always"/>
    <property name="java.vm.compressedOopsMode" value="Zero based"/>
    <property name="line.separator" value="&#10;"/>
    <property name="java.vm.specification.vendor" value="Oracle Corporation"/>
    <property name="java.specification.name" value="Java Platform API Specification"/>
    <property name="surefire.real.class.path" value="C:\Users\SAISRI~1.POR\AppData\Local\Temp\surefire3525270969680937501\surefirebooter10090408293679051998.jar"/>
    <property name="user.script" value=""/>
    <property name="sun.management.compiler" value="HotSpot 64-Bit Tiered Compilers"/>
    <property name="java.runtime.version" value="18.0.2.1+1-1"/>
    <property name="user.name" value="saisrinadh.porandla"/>
    <property name="path.separator" value=";"/>
    <property name="os.version" value="10.0"/>
    <property name="java.runtime.name" value="Java(TM) SE Runtime Environment"/>
    <property name="file.encoding" value="UTF-8"/>
    <property name="java.vm.name" value="Java HotSpot(TM) 64-Bit Server VM"/>
    <property name="localRepository" value="C:\Users\saisrinadh.porandla\.m2\repository"/>
    <property name="java.vendor.url.bug" value="https://bugreport.java.com/bugreport/"/>
    <property name="java.io.tmpdir" value="C:\Users\SAISRI~1.POR\AppData\Local\Temp\"/>
    <property name="java.version" value="18.0.2.1"/>
    <property name="user.dir" value="C:\Users\saisrinadh.porandla\eclipse-workspace\Automation"/>
    <property name="os.arch" value="amd64"/>
    <property name="java.vm.specification.name" value="Java Virtual Machine Specification"/>
    <property name="sun.os.patch.level" value=""/>
    <property name="native.encoding" value="Cp1252"/>
    <property name="java.library.path" value="C:\Program Files\Java\jdk-18.0.2.1\bin;C:\windows\Sun\Java\bin;C:\windows\system32;C:\windows;C:\Program Files\Common Files\Oracle\Java\javapath;C:\windows\system32;C:\windows;C:\windows\System32\Wbem;C:\windows\System32\WindowsPowerShell\v1.0\;C:\windows\System32\OpenSSH\;C:\Program Files\Java\jdk-18.0.2.1\bin;C:\Program Files\apache-maven-3.8.6-bin\apache-maven-3.8.6\bin;C:\Users\saisrinadh.porandla\Downloads\allure-commandline-2.20.1\allure-2.20.1\bin;C:\Users\saisrinadh.porandla\AppData\Local\Microsoft\WindowsApps;C:\Users\saisrinadh.porandla\AppData\Local\Programs\Git\cmd;."/>
    <property name="java.vm.info" value="mixed mode, sharing"/>
    <property name="java.vendor" value="Oracle Corporation"/>
    <property name="java.vm.version" value="18.0.2.1+1-1"/>
    <property name="sun.io.unicode.encoding" value="UnicodeLittle"/>
    <property name="java.class.version" value="62.0"/>
  </properties>
  <testcase name="user on amazon landing page" classname="Home Page Demo" time="0.009">
    <error message="The step &apos;user on amazon landing page&apos; and 3 other step(s) are undefined.&#10;You can implement these steps using the snippet(s) below:&#10;&#10;@Given(&quot;user on amazon landing page&quot;)&#10;public void user_on_amazon_landing_page() {&#10;    // Write code here that turns the phrase above into concrete actions&#10;    throw new io.cucumber.java.PendingException();&#10;}&#10;@When(&quot;user entered mobile number and password are entered&quot;)&#10;public void user_entered_mobile_number_and_password_are_entered() {&#10;    // Write code here that turns the phrase above into concrete actions&#10;    throw new io.cucumber.java.PendingException();&#10;}&#10;@When(&quot;click on sign up&quot;)&#10;public void click_on_sign_up() {&#10;    // Write code here that turns the phrase above into concrete actions&#10;    throw new io.cucumber.java.PendingException();&#10;}&#10;@Then(&quot;user able to see amazon home page&quot;)&#10;public void user_able_to_see_amazon_home_page() {&#10;    // Write code here that turns the phrase above into concrete actions&#10;    throw new io.cucumber.java.PendingException();&#10;}&#10;" type="io.cucumber.junit.UndefinedStepException">io.cucumber.junit.UndefinedStepException: 
The step 'user on amazon landing page' and 3 other step(s) are undefined.
You can implement these steps using the snippet(s) below:

@Given("user on amazon landing page")
public void user_on_amazon_landing_page() {
    // Write code here that turns the phrase above into concrete actions
    throw new io.cucumber.java.PendingException();
}
@When("user entered mobile number and password are entered")
public void user_entered_mobile_number_and_password_are_entered() {
    // Write code here that turns the phrase above into concrete actions
    throw new io.cucumber.java.PendingException();
}
@When("click on sign up")
public void click_on_sign_up() {
    // Write code here that turns the phrase above into concrete actions
    throw new io.cucumber.java.PendingException();
}
@Then("user able to see amazon home page")
public void user_able_to_see_amazon_home_page() {
    // Write code here that turns the phrase above into concrete actions
    throw new io.cucumber.java.PendingException();
}

</error>
  </testcase>
  <testcase name="user entered mobile number and password are entered" classname="Home Page Demo" time="0">
    <skipped message="This step is skipped"/>
  </testcase>
  <testcase name="click on sign up" classname="Home Page Demo" time="0">
    <skipped message="This step is skipped"/>
  </testcase>
  <testcase name="user able to see amazon home page" classname="Home Page Demo" time="0">
    <skipped message="This step is skipped"/>
  </testcase>
  <testcase name="Home Page Demo" classname="Home Page Demo" time="0">
    <error message="The step &apos;user on amazon landing page&apos; and 3 other step(s) are undefined.&#10;You can implement these steps using the snippet(s) below:&#10;&#10;@Given(&quot;user on amazon landing page&quot;)&#10;public void user_on_amazon_landing_page() {&#10;    // Write code here that turns the phrase above into concrete actions&#10;    throw new io.cucumber.java.PendingException();&#10;}&#10;@When(&quot;user entered mobile number and password are entered&quot;)&#10;public void user_entered_mobile_number_and_password_are_entered() {&#10;    // Write code here that turns the phrase above into concrete actions&#10;    throw new io.cucumber.java.PendingException();&#10;}&#10;@When(&quot;click on sign up&quot;)&#10;public void click_on_sign_up() {&#10;    // Write code here that turns the phrase above into concrete actions&#10;    throw new io.cucumber.java.PendingException();&#10;}&#10;@Then(&quot;user able to see amazon home page&quot;)&#10;public void user_able_to_see_amazon_home_page() {&#10;    // Write code here that turns the phrase above into concrete actions&#10;    throw new io.cucumber.java.PendingException();&#10;}&#10;" type="io.cucumber.junit.UndefinedStepException">io.cucumber.junit.UndefinedStepException: 
The step 'user on amazon landing page' and 3 other step(s) are undefined.
You can implement these steps using the snippet(s) below:

@Given("user on amazon landing page")
public void user_on_amazon_landing_page() {
    // Write code here that turns the phrase above into concrete actions
    throw new io.cucumber.java.PendingException();
}
@When("user entered mobile number and password are entered")
public void user_entered_mobile_number_and_password_are_entered() {
    // Write code here that turns the phrase above into concrete actions
    throw new io.cucumber.java.PendingException();
}
@When("click on sign up")
public void click_on_sign_up() {
    // Write code here that turns the phrase above into concrete actions
    throw new io.cucumber.java.PendingException();
}
@Then("user able to see amazon home page")
public void user_able_to_see_amazon_home_page() {
    // Write code here that turns the phrase above into concrete actions
    throw new io.cucumber.java.PendingException();
}

</error>
  </testcase>
</testsuite>